# JRE version: OpenJDK Runtime Environment Temurin-17.0.11+9 (17.0.11+9) (build 17.0.11+9)
# Java VM: OpenJDK 64-Bit Server VM Temurin-17.0.11+9 (17.0.11+9, mixed mode, tiered, compressed oops, compressed class ptrs, parallel gc, windows-amd64)
GC Precious Log:
 CPUs: 8 total, 8 available
 Memory: 8029M
 Large Page Support: Disabled
 NUMA Support: Disabled
 Compressed Oops: Enabled (32-bit)
 Alignments: Space 512K, Generation 512K, Heap 2M
 Heap Min Capacity: 100M
 Heap Initial Capacity: 100M
 Heap Max Capacity: 1G
 Pre-touch: Disabled
 Parallel Workers: 8
Heap:
 PSYoungGen      total 13312K, used 13120K [0x00000000eab00000, 0x00000000eba80000, 0x0000000100000000)
  eden space 11264K, 100% used [0x00000000eab00000,0x00000000eb600000,0x00000000eb600000)
  from space 2048K, 90% used [0x00000000eb700000,0x00000000eb8d0280,0x00000000eb900000)
  to   space 1536K, 12% used [0x00000000eb900000,0x00000000eb930000,0x00000000eba80000)
 ParOldGen       total 105472K, used 100276K [0x00000000c0000000, 0x00000000c6700000, 0x00000000eab00000)
  object space 105472K, 95% used [0x00000000c0000000,0x00000000c61ed030,0x00000000c6700000)
 Metaspace       used 70907K, committed 72128K, reserved 1114112K
  class space    used 7630K, committed 8192K, reserved 1048576K
GC Heap History (20 events):
Event: 40.087 GC heap before
{Heap before GC invocations=46 (full 3):
 PSYoungGen      total 13824K, used 13478K [0x00000000eab00000, 0x00000000ebd00000, 0x0000000100000000)
  eden space 11264K, 100% used [0x00000000eab00000,0x00000000eb600000,0x00000000eb600000)
  from space 2560K, 86% used [0x00000000eba80000,0x00000000ebca9bd8,0x00000000ebd00000)
  to   space 2560K, 0% used [0x00000000eb800000,0x00000000eb800000,0x00000000eba80000)
 ParOldGen       total 68608K, used 66230K [0x00000000c0000000, 0x00000000c4300000, 0x00000000eab00000)
  object space 68608K, 96% used [0x00000000c0000000,0x00000000c40ad8f0,0x00000000c4300000)
 Metaspace       used 66869K, committed 68096K, reserved 1114112K
  class space    used 7296K, committed 7872K, reserved 1048576K
}
Event: 40.089 GC heap after
{Heap after GC invocations=46 (full 3):
 PSYoungGen      total 12800K, used 1467K [0x00000000eab00000, 0x00000000ebb00000, 0x0000000100000000)
  eden space 11264K, 0% used [0x00000000eab00000,0x00000000eab00000,0x00000000eb600000)
  from space 1536K, 95% used [0x00000000eb800000,0x00000000eb96ec98,0x00000000eb980000)
  to   space 1536K, 0% used [0x00000000eb980000,0x00000000eb980000,0x00000000ebb00000)
 ParOldGen       total 68608K, used 67459K [0x00000000c0000000, 0x00000000c4300000, 0x00000000eab00000)
  object space 68608K, 98% used [0x00000000c0000000,0x00000000c41e0d40,0x00000000c4300000)
 Metaspace       used 66869K, committed 68096K, reserved 1114112K
  class space    used 7296K, committed 7872K, reserved 1048576K
}
Event: 40.089 GC heap before
{Heap before GC invocations=47 (full 4):
 PSYoungGen      total 12800K, used 1467K [0x00000000eab00000, 0x00000000ebb00000, 0x0000000100000000)
  eden space 11264K, 0% used [0x00000000eab00000,0x00000000eab00000,0x00000000eb600000)
  from space 1536K, 95% used [0x00000000eb800000,0x00000000eb96ec98,0x00000000eb980000)
  to   space 1536K, 0% used [0x00000000eb980000,0x00000000eb980000,0x00000000ebb00000)
 ParOldGen       total 68608K, used 67459K [0x00000000c0000000, 0x00000000c4300000, 0x00000000eab00000)
  object space 68608K, 98% used [0x00000000c0000000,0x00000000c41e0d40,0x00000000c4300000)
 Metaspace       used 66869K, committed 68096K, reserved 1114112K
  class space    used 7296K, committed 7872K, reserved 1048576K
}
Event: 40.188 GC heap after
{Heap after GC invocations=47 (full 4):
 PSYoungGen      total 11776K, used 0K [0x00000000eab00000, 0x00000000eba00000, 0x0000000100000000)
  eden space 11264K, 0% used [0x00000000eab00000,0x00000000eab00000,0x00000000eb600000)
  from space 512K, 0% used [0x00000000eb980000,0x00000000eb980000,0x00000000eba00000)
  to   space 2048K, 0% used [0x00000000eb600000,0x00000000eb600000,0x00000000eb800000)
 ParOldGen       total 90112K, used 63629K [0x00000000c0000000, 0x00000000c5800000, 0x00000000eab00000)
  object space 90112K, 70% used [0x00000000c0000000,0x00000000c3e23720,0x00000000c5800000)
 Metaspace       used 66869K, committed 68096K, reserved 1114112K
  class space    used 7296K, committed 7872K, reserved 1048576K
}
Event: 40.221 GC heap before
{Heap before GC invocations=48 (full 4):
 PSYoungGen      total 11776K, used 11264K [0x00000000eab00000, 0x00000000eba00000, 0x0000000100000000)
  eden space 11264K, 100% used [0x00000000eab00000,0x00000000eb600000,0x00000000eb600000)
  from space 512K, 0% used [0x00000000eb980000,0x00000000eb980000,0x00000000eba00000)
  to   space 2048K, 0% used [0x00000000eb600000,0x00000000eb600000,0x00000000eb800000)
 ParOldGen       total 90112K, used 63629K [0x00000000c0000000, 0x00000000c5800000, 0x00000000eab00000)
  object space 90112K, 70% used [0x00000000c0000000,0x00000000c3e23720,0x00000000c5800000)
 Metaspace       used 66915K, committed 68160K, reserved 1114112K
  class space    used 7300K, committed 7872K, reserved 1048576K
}
Event: 40.223 GC heap after
{Heap after GC invocations=48 (full 4):
 PSYoungGen      total 13312K, used 1516K [0x00000000eab00000, 0x00000000eba00000, 0x0000000100000000)
  eden space 11264K, 0% used [0x00000000eab00000,0x00000000eab00000,0x00000000eb600000)
  from space 2048K, 74% used [0x00000000eb600000,0x00000000eb77b038,0x00000000eb800000)
  to   space 2048K, 0% used [0x00000000eb800000,0x00000000eb800000,0x00000000eba00000)
 ParOldGen       total 90112K, used 63629K [0x00000000c0000000, 0x00000000c5800000, 0x00000000eab00000)
  object space 90112K, 70% used [0x00000000c0000000,0x00000000c3e23720,0x00000000c5800000)
 Metaspace       used 66915K, committed 68160K, reserved 1114112K
  class space    used 7300K, committed 7872K, reserved 1048576K
}
Event: 40.337 GC heap before
{Heap before GC invocations=49 (full 4):
 PSYoungGen      total 13312K, used 12780K [0x00000000eab00000, 0x00000000eba00000, 0x0000000100000000)
  eden space 11264K, 99% used [0x00000000eab00000,0x00000000eb5fffd0,0x00000000eb600000)
  from space 2048K, 74% used [0x00000000eb600000,0x00000000eb77b038,0x00000000eb800000)
  to   space 2048K, 0% used [0x00000000eb800000,0x00000000eb800000,0x00000000eba00000)
 ParOldGen       total 90112K, used 63629K [0x00000000c0000000, 0x00000000c5800000, 0x00000000eab00000)
  object space 90112K, 70% used [0x00000000c0000000,0x00000000c3e23720,0x00000000c5800000)
 Metaspace       used 67710K, committed 68928K, reserved 1114112K
  class space    used 7373K, committed 7936K, reserved 1048576K
}
Event: 40.339 GC heap after
{Heap after GC invocations=49 (full 4):
 PSYoungGen      total 12800K, used 1270K [0x00000000eab00000, 0x00000000eb980000, 0x0000000100000000)
  eden space 11264K, 0% used [0x00000000eab00000,0x00000000eab00000,0x00000000eb600000)
  from space 1536K, 82% used [0x00000000eb800000,0x00000000eb93d830,0x00000000eb980000)
  to   space 1536K, 0% used [0x00000000eb680000,0x00000000eb680000,0x00000000eb800000)
 ParOldGen       total 90112K, used 64410K [0x00000000c0000000, 0x00000000c5800000, 0x00000000eab00000)
  object space 90112K, 71% used [0x00000000c0000000,0x00000000c3ee6800,0x00000000c5800000)
 Metaspace       used 67710K, committed 68928K, reserved 1114112K
  class space    used 7373K, committed 7936K, reserved 1048576K
}
Event: 40.437 GC heap before
{Heap before GC invocations=50 (full 4):
 PSYoungGen      total 12800K, used 12534K [0x00000000eab00000, 0x00000000eb980000, 0x0000000100000000)
  eden space 11264K, 100% used [0x00000000eab00000,0x00000000eb600000,0x00000000eb600000)
  from space 1536K, 82% used [0x00000000eb800000,0x00000000eb93d830,0x00000000eb980000)
  to   space 1536K, 0% used [0x00000000eb680000,0x00000000eb680000,0x00000000eb800000)
 ParOldGen       total 90112K, used 64410K [0x00000000c0000000, 0x00000000c5800000, 0x00000000eab00000)
  object space 90112K, 71% used [0x00000000c0000000,0x00000000c3ee6840,0x00000000c5800000)
 Metaspace       used 68291K, committed 69504K, reserved 1114112K
  class space    used 7418K, committed 8000K, reserved 1048576K
}
Event: 40.440 GC heap after
{Heap after GC invocations=50 (full 4):
 PSYoungGen      total 12800K, used 1532K [0x00000000eab00000, 0x00000000ebd00000, 0x0000000100000000)
  eden space 11264K, 0% used [0x00000000eab00000,0x00000000eab00000,0x00000000eb600000)
  from space 1536K, 99% used [0x00000000eb680000,0x00000000eb7ff0f8,0x00000000eb800000)
  to   space 3584K, 0% used [0x00000000eb980000,0x00000000eb980000,0x00000000ebd00000)
 ParOldGen       total 90112K, used 65732K [0x00000000c0000000, 0x00000000c5800000, 0x00000000eab00000)
  object space 90112K, 72% used [0x00000000c0000000,0x00000000c40311b8,0x00000000c5800000)
 Metaspace       used 68291K, committed 69504K, reserved 1114112K
  class space    used 7418K, committed 8000K, reserved 1048576K
}
Event: 40.619 GC heap before
{Heap before GC invocations=51 (full 4):
 PSYoungGen      total 12800K, used 12796K [0x00000000eab00000, 0x00000000ebd00000, 0x0000000100000000)
  eden space 11264K, 100% used [0x00000000eab00000,0x00000000eb600000,0x00000000eb600000)
  from space 1536K, 99% used [0x00000000eb680000,0x00000000eb7ff0f8,0x00000000eb800000)
  to   space 3584K, 0% used [0x00000000eb980000,0x00000000eb980000,0x00000000ebd00000)
 ParOldGen       total 90112K, used 65735K [0x00000000c0000000, 0x00000000c5800000, 0x00000000eab00000)
  object space 90112K, 72% used [0x00000000c0000000,0x00000000c4031c58,0x00000000c5800000)
 Metaspace       used 69102K, committed 70336K, reserved 1114112K
  class space    used 7475K, committed 8064K, reserved 1048576K
}
Event: 40.623 GC heap after
{Heap after GC invocations=51 (full 4):
 PSYoungGen      total 13312K, used 1793K [0x00000000eab00000, 0x00000000ebb80000, 0x0000000100000000)
  eden space 11264K, 0% used [0x00000000eab00000,0x00000000eab00000,0x00000000eb600000)
  from space 2048K, 87% used [0x00000000eb980000,0x00000000ebb40598,0x00000000ebb80000)
  to   space 2560K, 0% used [0x00000000eb680000,0x00000000eb680000,0x00000000eb900000)
 ParOldGen       total 90112K, used 67206K [0x00000000c0000000, 0x00000000c5800000, 0x00000000eab00000)
  object space 90112K, 74% used [0x00000000c0000000,0x00000000c41a18f0,0x00000000c5800000)
 Metaspace       used 69102K, committed 70336K, reserved 1114112K
  class space    used 7475K, committed 8064K, reserved 1048576K
}
Event: 40.753 GC heap before
{Heap before GC invocations=52 (full 4):
 PSYoungGen      total 13312K, used 13057K [0x00000000eab00000, 0x00000000ebb80000, 0x0000000100000000)
  eden space 11264K, 100% used [0x00000000eab00000,0x00000000eb600000,0x00000000eb600000)
  from space 2048K, 87% used [0x00000000eb980000,0x00000000ebb40598,0x00000000ebb80000)
  to   space 2560K, 0% used [0x00000000eb680000,0x00000000eb680000,0x00000000eb900000)
 ParOldGen       total 90112K, used 67206K [0x00000000c0000000, 0x00000000c5800000, 0x00000000eab00000)
  object space 90112K, 74% used [0x00000000c0000000,0x00000000c41a18f0,0x00000000c5800000)
 Metaspace       used 69696K, committed 70848K, reserved 1114112K
  class space    used 7534K, committed 8064K, reserved 1048576K
}
Event: 40.757 GC heap after
{Heap after GC invocations=52 (full 4):
 PSYoungGen      total 13824K, used 2538K [0x00000000eab00000, 0x00000000ec000000, 0x0000000100000000)
  eden space 11264K, 0% used [0x00000000eab00000,0x00000000eab00000,0x00000000eb600000)
  from space 2560K, 99% used [0x00000000eb680000,0x00000000eb8faab0,0x00000000eb900000)
  to   space 5120K, 0% used [0x00000000ebb00000,0x00000000ebb00000,0x00000000ec000000)
 ParOldGen       total 90112K, used 68918K [0x00000000c0000000, 0x00000000c5800000, 0x00000000eab00000)
  object space 90112K, 76% used [0x00000000c0000000,0x00000000c434d888,0x00000000c5800000)
 Metaspace       used 69696K, committed 70848K, reserved 1114112K
  class space    used 7534K, committed 8064K, reserved 1048576K
}
Event: 40.974 GC heap before
{Heap before GC invocations=53 (full 4):
 PSYoungGen      total 13824K, used 13802K [0x00000000eab00000, 0x00000000ec000000, 0x0000000100000000)
  eden space 11264K, 100% used [0x00000000eab00000,0x00000000eb600000,0x00000000eb600000)
  from space 2560K, 99% used [0x00000000eb680000,0x00000000eb8faab0,0x00000000eb900000)
  to   space 5120K, 0% used [0x00000000ebb00000,0x00000000ebb00000,0x00000000ec000000)
 ParOldGen       total 90112K, used 68918K [0x00000000c0000000, 0x00000000c5800000, 0x00000000eab00000)
  object space 90112K, 76% used [0x00000000c0000000,0x00000000c434d888,0x00000000c5800000)
 Metaspace       used 70251K, committed 71488K, reserved 1114112K
  class space    used 7576K, committed 8128K, reserved 1048576K
}
Event: 40.980 GC heap after
{Heap after GC invocations=53 (full 4):
 PSYoungGen      total 13312K, used 1776K [0x00000000eab00000, 0x00000000ebd00000, 0x0000000100000000)
  eden space 11264K, 0% used [0x00000000eab00000,0x00000000eab00000,0x00000000eb600000)
  from space 2048K, 86% used [0x00000000ebb00000,0x00000000ebcbc148,0x00000000ebd00000)
  to   space 3072K, 0% used [0x00000000eb700000,0x00000000eb700000,0x00000000eba00000)
 ParOldGen       total 90112K, used 71299K [0x00000000c0000000, 0x00000000c5800000, 0x00000000eab00000)
  object space 90112K, 79% used [0x00000000c0000000,0x00000000c45a0df8,0x00000000c5800000)
 Metaspace       used 70251K, committed 71488K, reserved 1114112K
  class space    used 7576K, committed 8128K, reserved 1048576K
}
Event: 41.221 GC heap before
{Heap before GC invocations=54 (full 4):
 PSYoungGen      total 13312K, used 13037K [0x00000000eab00000, 0x00000000ebd00000, 0x0000000100000000)
  eden space 11264K, 99% used [0x00000000eab00000,0x00000000eb5ff420,0x00000000eb600000)
  from space 2048K, 86% used [0x00000000ebb00000,0x00000000ebcbc148,0x00000000ebd00000)
  to   space 3072K, 0% used [0x00000000eb700000,0x00000000eb700000,0x00000000eba00000)
 ParOldGen       total 90112K, used 71299K [0x00000000c0000000, 0x00000000c5800000, 0x00000000eab00000)
  object space 90112K, 79% used [0x00000000c0000000,0x00000000c45a0df8,0x00000000c5800000)
 Metaspace       used 70672K, committed 71936K, reserved 1114112K
  class space    used 7620K, committed 8192K, reserved 1048576K
}
Event: 41.227 GC heap after
{Heap after GC invocations=54 (full 4):
 PSYoungGen      total 14336K, used 2883K [0x00000000eab00000, 0x00000000ebd00000, 0x0000000100000000)
  eden space 11264K, 0% used [0x00000000eab00000,0x00000000eab00000,0x00000000eb600000)
  from space 3072K, 93% used [0x00000000eb700000,0x00000000eb9d0cf0,0x00000000eba00000)
  to   space 3072K, 0% used [0x00000000eba00000,0x00000000eba00000,0x00000000ebd00000)
 ParOldGen       total 90112K, used 74230K [0x00000000c0000000, 0x00000000c5800000, 0x00000000eab00000)
  object space 90112K, 82% used [0x00000000c0000000,0x00000000c487d8f0,0x00000000c5800000)
 Metaspace       used 70672K, committed 71936K, reserved 1114112K
  class space    used 7620K, committed 8192K, reserved 1048576K
}
Event: 41.454 GC heap before
{Heap before GC invocations=55 (full 4):
 PSYoungGen      total 14336K, used 14147K [0x00000000eab00000, 0x00000000ebd00000, 0x0000000100000000)
  eden space 11264K, 100% used [0x00000000eab00000,0x00000000eb600000,0x00000000eb600000)
  from space 3072K, 93% used [0x00000000eb700000,0x00000000eb9d0cf0,0x00000000eba00000)
  to   space 3072K, 0% used [0x00000000eba00000,0x00000000eba00000,0x00000000ebd00000)
 ParOldGen       total 105472K, used 97210K [0x00000000c0000000, 0x00000000c6700000, 0x00000000eab00000)
  object space 105472K, 92% used [0x00000000c0000000,0x00000000c5eee910,0x00000000c6700000)
 Metaspace       used 70892K, committed 72128K, reserved 1114112K
  class space    used 7628K, committed 8192K, reserved 1048576K
}
Event: 41.457 GC heap after
{Heap after GC invocations=55 (full 4):
 PSYoungGen      total 13312K, used 1733K [0x00000000eab00000, 0x00000000ebc00000, 0x0000000100000000)
  eden space 11264K, 0% used [0x00000000eab00000,0x00000000eab00000,0x00000000eb600000)
  from space 2048K, 84% used [0x00000000eba00000,0x00000000ebbb1500,0x00000000ebc00000)
  to   space 2560K, 0% used [0x00000000eb700000,0x00000000eb700000,0x00000000eb980000)
 ParOldGen       total 105472K, used 99943K [0x00000000c0000000, 0x00000000c6700000, 0x00000000eab00000)
  object space 105472K, 94% used [0x00000000c0000000,0x00000000c6199c08,0x00000000c6700000)
 Metaspace       used 70892K, committed 72128K, reserved 1114112K
  class space    used 7628K, committed 8192K, reserved 1048576K
}

