# JRE version: OpenJDK Runtime Environment Temurin-17.0.11+9 (17.0.11+9) (build 17.0.11+9)
# Java VM: OpenJDK 64-Bit Server VM Temurin-17.0.11+9 (17.0.11+9, mixed mode, tiered, compressed oops, compressed class ptrs, parallel gc, windows-amd64)
GC Precious Log:
 CPUs: 8 total, 8 available
 Memory: 8029M
 Large Page Support: Disabled
 NUMA Support: Disabled
 Compressed Oops: Enabled (32-bit)
 Alignments: Space 512K, Generation 512K, Heap 2M
 Heap Min Capacity: 100M
 Heap Initial Capacity: 100M
 Heap Max Capacity: 1G
 Pre-touch: Disabled
 Parallel Workers: 8
Heap:
 PSYoungGen      total 23552K, used 5626K [0x00000000eab00000, 0x00000000ec400000, 0x0000000100000000)
  eden space 21504K, 17% used [0x00000000eab00000,0x00000000eae99198,0x00000000ec000000)
  from space 2048K, 94% used [0x00000000ec080000,0x00000000ec265970,0x00000000ec280000)
  to   space 1536K, 0% used [0x00000000ec280000,0x00000000ec280000,0x00000000ec400000)
 ParOldGen       total 68608K, used 33079K [0x00000000c0000000, 0x00000000c4300000, 0x00000000eab00000)
  object space 68608K, 48% used [0x00000000c0000000,0x00000000c204df58,0x00000000c4300000)
 Metaspace       used 48317K, committed 49216K, reserved 1114112K
  class space    used 4899K, committed 5312K, reserved 1048576K
GC Heap History (20 events):
Event: 7.381 GC heap before
{Heap before GC invocations=18 (full 2):
 PSYoungGen      total 24064K, used 23726K [0x00000000eab00000, 0x00000000ec480000, 0x0000000100000000)
  eden space 22016K, 99% used [0x00000000eab00000,0x00000000ec07bb28,0x00000000ec080000)
  from space 2048K, 84% used [0x00000000ec180000,0x00000000ec330010,0x00000000ec380000)
  to   space 1024K, 0% used [0x00000000ec380000,0x00000000ec380000,0x00000000ec480000)
 ParOldGen       total 68608K, used 21162K [0x00000000c0000000, 0x00000000c4300000, 0x00000000eab00000)
  object space 68608K, 30% used [0x00000000c0000000,0x00000000c14aaa30,0x00000000c4300000)
 Metaspace       used 39297K, committed 40000K, reserved 1114112K
  class space    used 4004K, committed 4288K, reserved 1048576K
}
Event: 7.384 GC heap after
{Heap after GC invocations=18 (full 2):
 PSYoungGen      total 22528K, used 993K [0x00000000eab00000, 0x00000000ec780000, 0x0000000100000000)
  eden space 21504K, 0% used [0x00000000eab00000,0x00000000eab00000,0x00000000ec000000)
  from space 1024K, 97% used [0x00000000ec380000,0x00000000ec478630,0x00000000ec480000)
  to   space 3584K, 0% used [0x00000000ec000000,0x00000000ec000000,0x00000000ec380000)
 ParOldGen       total 68608K, used 23081K [0x00000000c0000000, 0x00000000c4300000, 0x00000000eab00000)
  object space 68608K, 33% used [0x00000000c0000000,0x00000000c168a448,0x00000000c4300000)
 Metaspace       used 39297K, committed 40000K, reserved 1114112K
  class space    used 4004K, committed 4288K, reserved 1048576K
}
Event: 8.397 GC heap before
{Heap before GC invocations=19 (full 2):
 PSYoungGen      total 22528K, used 22469K [0x00000000eab00000, 0x00000000ec780000, 0x0000000100000000)
  eden space 21504K, 99% used [0x00000000eab00000,0x00000000ebff9020,0x00000000ec000000)
  from space 1024K, 97% used [0x00000000ec380000,0x00000000ec478630,0x00000000ec480000)
  to   space 3584K, 0% used [0x00000000ec000000,0x00000000ec000000,0x00000000ec380000)
 ParOldGen       total 68608K, used 23081K [0x00000000c0000000, 0x00000000c4300000, 0x00000000eab00000)
  object space 68608K, 33% used [0x00000000c0000000,0x00000000c168a448,0x00000000c4300000)
 Metaspace       used 41016K, committed 41728K, reserved 1114112K
  class space    used 4184K, committed 4480K, reserved 1048576K
}
Event: 8.401 GC heap after
{Heap after GC invocations=19 (full 2):
 PSYoungGen      total 22528K, used 745K [0x00000000eab00000, 0x00000000ec400000, 0x0000000100000000)
  eden space 21504K, 0% used [0x00000000eab00000,0x00000000eab00000,0x00000000ec000000)
  from space 1024K, 72% used [0x00000000ec000000,0x00000000ec0ba728,0x00000000ec100000)
  to   space 1536K, 0% used [0x00000000ec280000,0x00000000ec280000,0x00000000ec400000)
 ParOldGen       total 68608K, used 24049K [0x00000000c0000000, 0x00000000c4300000, 0x00000000eab00000)
  object space 68608K, 35% used [0x00000000c0000000,0x00000000c177c750,0x00000000c4300000)
 Metaspace       used 41016K, committed 41728K, reserved 1114112K
  class space    used 4184K, committed 4480K, reserved 1048576K
}
Event: 9.044 GC heap before
{Heap before GC invocations=20 (full 2):
 PSYoungGen      total 22528K, used 22223K [0x00000000eab00000, 0x00000000ec400000, 0x0000000100000000)
  eden space 21504K, 99% used [0x00000000eab00000,0x00000000ebff97d0,0x00000000ec000000)
  from space 1024K, 72% used [0x00000000ec000000,0x00000000ec0ba728,0x00000000ec100000)
  to   space 1536K, 0% used [0x00000000ec280000,0x00000000ec280000,0x00000000ec400000)
 ParOldGen       total 68608K, used 24049K [0x00000000c0000000, 0x00000000c4300000, 0x00000000eab00000)
  object space 68608K, 35% used [0x00000000c0000000,0x00000000c177c750,0x00000000c4300000)
 Metaspace       used 42448K, committed 43200K, reserved 1114112K
  class space    used 4305K, committed 4608K, reserved 1048576K
}
Event: 9.047 GC heap after
{Heap after GC invocations=20 (full 2):
 PSYoungGen      total 23040K, used 1025K [0x00000000eab00000, 0x00000000ec400000, 0x0000000100000000)
  eden space 21504K, 0% used [0x00000000eab00000,0x00000000eab00000,0x00000000ec000000)
  from space 1536K, 66% used [0x00000000ec280000,0x00000000ec3806f0,0x00000000ec400000)
  to   space 1536K, 0% used [0x00000000ec100000,0x00000000ec100000,0x00000000ec280000)
 ParOldGen       total 68608K, used 24679K [0x00000000c0000000, 0x00000000c4300000, 0x00000000eab00000)
  object space 68608K, 35% used [0x00000000c0000000,0x00000000c1819ee8,0x00000000c4300000)
 Metaspace       used 42448K, committed 43200K, reserved 1114112K
  class space    used 4305K, committed 4608K, reserved 1048576K
}
Event: 9.323 GC heap before
{Heap before GC invocations=21 (full 2):
 PSYoungGen      total 23040K, used 22484K [0x00000000eab00000, 0x00000000ec400000, 0x0000000100000000)
  eden space 21504K, 99% used [0x00000000eab00000,0x00000000ebff4bc8,0x00000000ec000000)
  from space 1536K, 66% used [0x00000000ec280000,0x00000000ec3806f0,0x00000000ec400000)
  to   space 1536K, 0% used [0x00000000ec100000,0x00000000ec100000,0x00000000ec280000)
 ParOldGen       total 68608K, used 24679K [0x00000000c0000000, 0x00000000c4300000, 0x00000000eab00000)
  object space 68608K, 35% used [0x00000000c0000000,0x00000000c1819ee8,0x00000000c4300000)
 Metaspace       used 42478K, committed 43200K, reserved 1114112K
  class space    used 4305K, committed 4608K, reserved 1048576K
}
Event: 9.327 GC heap after
{Heap after GC invocations=21 (full 2):
 PSYoungGen      total 22016K, used 307K [0x00000000eab00000, 0x00000000ec300000, 0x0000000100000000)
  eden space 21504K, 0% used [0x00000000eab00000,0x00000000eab00000,0x00000000ec000000)
  from space 512K, 60% used [0x00000000ec100000,0x00000000ec14cde0,0x00000000ec180000)
  to   space 1024K, 0% used [0x00000000ec200000,0x00000000ec200000,0x00000000ec300000)
 ParOldGen       total 68608K, used 25679K [0x00000000c0000000, 0x00000000c4300000, 0x00000000eab00000)
  object space 68608K, 37% used [0x00000000c0000000,0x00000000c1913d28,0x00000000c4300000)
 Metaspace       used 42478K, committed 43200K, reserved 1114112K
  class space    used 4305K, committed 4608K, reserved 1048576K
}
Event: 9.865 GC heap before
{Heap before GC invocations=22 (full 2):
 PSYoungGen      total 22016K, used 21811K [0x00000000eab00000, 0x00000000ec300000, 0x0000000100000000)
  eden space 21504K, 100% used [0x00000000eab00000,0x00000000ec000000,0x00000000ec000000)
  from space 512K, 60% used [0x00000000ec100000,0x00000000ec14cde0,0x00000000ec180000)
  to   space 1024K, 0% used [0x00000000ec200000,0x00000000ec200000,0x00000000ec300000)
 ParOldGen       total 68608K, used 25691K [0x00000000c0000000, 0x00000000c4300000, 0x00000000eab00000)
  object space 68608K, 37% used [0x00000000c0000000,0x00000000c1916ce0,0x00000000c4300000)
 Metaspace       used 44092K, committed 44800K, reserved 1114112K
  class space    used 4471K, committed 4800K, reserved 1048576K
}
Event: 9.866 GC heap after
{Heap after GC invocations=22 (full 2):
 PSYoungGen      total 22528K, used 610K [0x00000000eab00000, 0x00000000ec300000, 0x0000000100000000)
  eden space 21504K, 0% used [0x00000000eab00000,0x00000000eab00000,0x00000000ec000000)
  from space 1024K, 59% used [0x00000000ec200000,0x00000000ec298a50,0x00000000ec300000)
  to   space 1024K, 0% used [0x00000000ec100000,0x00000000ec100000,0x00000000ec200000)
 ParOldGen       total 68608K, used 25715K [0x00000000c0000000, 0x00000000c4300000, 0x00000000eab00000)
  object space 68608K, 37% used [0x00000000c0000000,0x00000000c191cce0,0x00000000c4300000)
 Metaspace       used 44092K, committed 44800K, reserved 1114112K
  class space    used 4471K, committed 4800K, reserved 1048576K
}
Event: 10.677 GC heap before
{Heap before GC invocations=23 (full 2):
 PSYoungGen      total 22528K, used 22114K [0x00000000eab00000, 0x00000000ec300000, 0x0000000100000000)
  eden space 21504K, 100% used [0x00000000eab00000,0x00000000ec000000,0x00000000ec000000)
  from space 1024K, 59% used [0x00000000ec200000,0x00000000ec298a50,0x00000000ec300000)
  to   space 1024K, 0% used [0x00000000ec100000,0x00000000ec100000,0x00000000ec200000)
 ParOldGen       total 68608K, used 25717K [0x00000000c0000000, 0x00000000c4300000, 0x00000000eab00000)
  object space 68608K, 37% used [0x00000000c0000000,0x00000000c191d5b0,0x00000000c4300000)
 Metaspace       used 45500K, committed 46272K, reserved 1114112K
  class space    used 4594K, committed 4928K, reserved 1048576K
}
Event: 10.683 GC heap after
{Heap after GC invocations=23 (full 2):
 PSYoungGen      total 22528K, used 1024K [0x00000000eab00000, 0x00000000ec500000, 0x0000000100000000)
  eden space 21504K, 0% used [0x00000000eab00000,0x00000000eab00000,0x00000000ec000000)
  from space 1024K, 100% used [0x00000000ec100000,0x00000000ec200000,0x00000000ec200000)
  to   space 2560K, 0% used [0x00000000ec280000,0x00000000ec280000,0x00000000ec500000)
 ParOldGen       total 68608K, used 26522K [0x00000000c0000000, 0x00000000c4300000, 0x00000000eab00000)
  object space 68608K, 38% used [0x00000000c0000000,0x00000000c19e6898,0x00000000c4300000)
 Metaspace       used 45500K, committed 46272K, reserved 1114112K
  class space    used 4594K, committed 4928K, reserved 1048576K
}
Event: 10.738 GC heap before
{Heap before GC invocations=24 (full 2):
 PSYoungGen      total 22528K, used 22528K [0x00000000eab00000, 0x00000000ec500000, 0x0000000100000000)
  eden space 21504K, 100% used [0x00000000eab00000,0x00000000ec000000,0x00000000ec000000)
  from space 1024K, 100% used [0x00000000ec100000,0x00000000ec200000,0x00000000ec200000)
  to   space 2560K, 0% used [0x00000000ec280000,0x00000000ec280000,0x00000000ec500000)
 ParOldGen       total 68608K, used 26522K [0x00000000c0000000, 0x00000000c4300000, 0x00000000eab00000)
  object space 68608K, 38% used [0x00000000c0000000,0x00000000c19e6898,0x00000000c4300000)
 Metaspace       used 45501K, committed 46272K, reserved 1114112K
  class space    used 4594K, committed 4928K, reserved 1048576K
}
Event: 10.741 GC heap after
{Heap after GC invocations=24 (full 2):
 PSYoungGen      total 24064K, used 2176K [0x00000000eab00000, 0x00000000ec500000, 0x0000000100000000)
  eden space 21504K, 0% used [0x00000000eab00000,0x00000000eab00000,0x00000000ec000000)
  from space 2560K, 85% used [0x00000000ec280000,0x00000000ec4a0000,0x00000000ec500000)
  to   space 2560K, 0% used [0x00000000ec000000,0x00000000ec000000,0x00000000ec280000)
 ParOldGen       total 68608K, used 27551K [0x00000000c0000000, 0x00000000c4300000, 0x00000000eab00000)
  object space 68608K, 40% used [0x00000000c0000000,0x00000000c1ae7dc8,0x00000000c4300000)
 Metaspace       used 45501K, committed 46272K, reserved 1114112K
  class space    used 4594K, committed 4928K, reserved 1048576K
}
Event: 10.783 GC heap before
{Heap before GC invocations=25 (full 2):
 PSYoungGen      total 24064K, used 23680K [0x00000000eab00000, 0x00000000ec500000, 0x0000000100000000)
  eden space 21504K, 100% used [0x00000000eab00000,0x00000000ec000000,0x00000000ec000000)
  from space 2560K, 85% used [0x00000000ec280000,0x00000000ec4a0000,0x00000000ec500000)
  to   space 2560K, 0% used [0x00000000ec000000,0x00000000ec000000,0x00000000ec280000)
 ParOldGen       total 68608K, used 27551K [0x00000000c0000000, 0x00000000c4300000, 0x00000000eab00000)
  object space 68608K, 40% used [0x00000000c0000000,0x00000000c1ae7dc8,0x00000000c4300000)
 Metaspace       used 45501K, committed 46272K, reserved 1114112K
  class space    used 4594K, committed 4928K, reserved 1048576K
}
Event: 10.787 GC heap after
{Heap after GC invocations=25 (full 2):
 PSYoungGen      total 24064K, used 2144K [0x00000000eab00000, 0x00000000ec500000, 0x0000000100000000)
  eden space 21504K, 0% used [0x00000000eab00000,0x00000000eab00000,0x00000000ec000000)
  from space 2560K, 83% used [0x00000000ec000000,0x00000000ec218010,0x00000000ec280000)
  to   space 2560K, 0% used [0x00000000ec280000,0x00000000ec280000,0x00000000ec500000)
 ParOldGen       total 68608K, used 29487K [0x00000000c0000000, 0x00000000c4300000, 0x00000000eab00000)
  object space 68608K, 42% used [0x00000000c0000000,0x00000000c1ccbdc8,0x00000000c4300000)
 Metaspace       used 45501K, committed 46272K, reserved 1114112K
  class space    used 4594K, committed 4928K, reserved 1048576K
}
Event: 10.855 GC heap before
{Heap before GC invocations=26 (full 2):
 PSYoungGen      total 24064K, used 23648K [0x00000000eab00000, 0x00000000ec500000, 0x0000000100000000)
  eden space 21504K, 100% used [0x00000000eab00000,0x00000000ec000000,0x00000000ec000000)
  from space 2560K, 83% used [0x00000000ec000000,0x00000000ec218010,0x00000000ec280000)
  to   space 2560K, 0% used [0x00000000ec280000,0x00000000ec280000,0x00000000ec500000)
 ParOldGen       total 68608K, used 29487K [0x00000000c0000000, 0x00000000c4300000, 0x00000000eab00000)
  object space 68608K, 42% used [0x00000000c0000000,0x00000000c1ccbdc8,0x00000000c4300000)
 Metaspace       used 45558K, committed 46336K, reserved 1114112K
  class space    used 4601K, committed 4928K, reserved 1048576K
}
Event: 10.859 GC heap after
{Heap after GC invocations=26 (full 2):
 PSYoungGen      total 23552K, used 1696K [0x00000000eab00000, 0x00000000ec480000, 0x0000000100000000)
  eden space 21504K, 0% used [0x00000000eab00000,0x00000000eab00000,0x00000000ec000000)
  from space 2048K, 82% used [0x00000000ec280000,0x00000000ec428000,0x00000000ec480000)
  to   space 2048K, 0% used [0x00000000ec080000,0x00000000ec080000,0x00000000ec280000)
 ParOldGen       total 68608K, used 31477K [0x00000000c0000000, 0x00000000c4300000, 0x00000000eab00000)
  object space 68608K, 45% used [0x00000000c0000000,0x00000000c1ebd658,0x00000000c4300000)
 Metaspace       used 45558K, committed 46336K, reserved 1114112K
  class space    used 4601K, committed 4928K, reserved 1048576K
}
Event: 11.240 GC heap before
{Heap before GC invocations=27 (full 2):
 PSYoungGen      total 23552K, used 23200K [0x00000000eab00000, 0x00000000ec480000, 0x0000000100000000)
  eden space 21504K, 100% used [0x00000000eab00000,0x00000000ec000000,0x00000000ec000000)
  from space 2048K, 82% used [0x00000000ec280000,0x00000000ec428000,0x00000000ec480000)
  to   space 2048K, 0% used [0x00000000ec080000,0x00000000ec080000,0x00000000ec280000)
 ParOldGen       total 68608K, used 31477K [0x00000000c0000000, 0x00000000c4300000, 0x00000000eab00000)
  object space 68608K, 45% used [0x00000000c0000000,0x00000000c1ebd658,0x00000000c4300000)
 Metaspace       used 47753K, committed 48640K, reserved 1114112K
  class space    used 4841K, committed 5248K, reserved 1048576K
}
Event: 11.243 GC heap after
{Heap after GC invocations=27 (full 2):
 PSYoungGen      total 23552K, used 1942K [0x00000000eab00000, 0x00000000ec400000, 0x0000000100000000)
  eden space 21504K, 0% used [0x00000000eab00000,0x00000000eab00000,0x00000000ec000000)
  from space 2048K, 94% used [0x00000000ec080000,0x00000000ec265970,0x00000000ec280000)
  to   space 1536K, 0% used [0x00000000ec280000,0x00000000ec280000,0x00000000ec400000)
 ParOldGen       total 68608K, used 33079K [0x00000000c0000000, 0x00000000c4300000, 0x00000000eab00000)
  object space 68608K, 48% used [0x00000000c0000000,0x00000000c204df58,0x00000000c4300000)
 Metaspace       used 47753K, committed 48640K, reserved 1114112K
  class space    used 4841K, committed 5248K, reserved 1048576K
}

