# JRE version: OpenJDK Runtime Environment Temurin-17.0.11+9 (17.0.11+9) (build 17.0.11+9)
# Java VM: OpenJDK 64-Bit Server VM Temurin-17.0.11+9 (17.0.11+9, mixed mode, tiered, compressed oops, compressed class ptrs, parallel gc, windows-amd64)
GC Precious Log:
 CPUs: 8 total, 8 available
 Memory: 8029M
 Large Page Support: Disabled
 NUMA Support: Disabled
 Compressed Oops: Enabled (32-bit)
 Alignments: Space 512K, Generation 512K, Heap 2M
 Heap Min Capacity: 100M
 Heap Initial Capacity: 100M
 Heap Max Capacity: 1G
 Pre-touch: Disabled
 Parallel Workers: 8
Heap:
 PSYoungGen      total 10240K, used 8189K [0x00000000eab00000, 0x00000000eb780000, 0x0000000100000000)
  eden space 8192K, 99% used [0x00000000eab00000,0x00000000eb2ff640,0x00000000eb300000)
  from space 2048K, 0% used [0x00000000eb500000,0x00000000eb500000,0x00000000eb700000)
  to   space 2048K, 0% used [0x00000000eb300000,0x00000000eb300000,0x00000000eb500000)
 ParOldGen       total 139776K, used 139583K [0x00000000c0000000, 0x00000000eab00000, 0x00000000eab00000)
  object space 139776K, 99% used [0x00000000c0000000,0x00000000c884ffd8,0x00000000c8880000)
 Metaspace       used 65665K, committed 66752K, reserved 1114112K
  class space    used 6979K, committed 7424K, reserved 1048576K
GC Heap History (20 events):
Event: 60.830 GC heap after
{Heap after GC invocations=641 (full 543):
 PSYoungGen      total 10240K, used 8184K [0x00000000eab00000, 0x00000000eb780000, 0x0000000100000000)
  eden space 8192K, 99% used [0x00000000eab00000,0x00000000eb2fe090,0x00000000eb300000)
  from space 2048K, 0% used [0x00000000eb500000,0x00000000eb500000,0x00000000eb700000)
  to   space 2048K, 0% used [0x00000000eb300000,0x00000000eb300000,0x00000000eb500000)
 ParOldGen       total 139776K, used 139574K [0x00000000c0000000, 0x00000000c8880000, 0x00000000eab00000)
  object space 139776K, 99% used [0x00000000c0000000,0x00000000c884d878,0x00000000c8880000)
 Metaspace       used 65665K, committed 66752K, reserved 1114112K
  class space    used 6979K, committed 7424K, reserved 1048576K
}
Event: 60.830 GC heap before
{Heap before GC invocations=642 (full 544):
 PSYoungGen      total 10240K, used 8192K [0x00000000eab00000, 0x00000000eb780000, 0x0000000100000000)
  eden space 8192K, 100% used [0x00000000eab00000,0x00000000eb300000,0x00000000eb300000)
  from space 2048K, 0% used [0x00000000eb500000,0x00000000eb500000,0x00000000eb700000)
  to   space 2048K, 0% used [0x00000000eb300000,0x00000000eb300000,0x00000000eb500000)
 ParOldGen       total 139776K, used 139574K [0x00000000c0000000, 0x00000000c8880000, 0x00000000eab00000)
  object space 139776K, 99% used [0x00000000c0000000,0x00000000c884d878,0x00000000c8880000)
 Metaspace       used 65665K, committed 66752K, reserved 1114112K
  class space    used 6979K, committed 7424K, reserved 1048576K
}
Event: 60.921 GC heap after
{Heap after GC invocations=642 (full 544):
 PSYoungGen      total 10240K, used 8184K [0x00000000eab00000, 0x00000000eb780000, 0x0000000100000000)
  eden space 8192K, 99% used [0x00000000eab00000,0x00000000eb2fe308,0x00000000eb300000)
  from space 2048K, 0% used [0x00000000eb300000,0x00000000eb300000,0x00000000eb500000)
  to   space 2048K, 0% used [0x00000000eb500000,0x00000000eb500000,0x00000000eb700000)
 ParOldGen       total 139776K, used 139573K [0x00000000c0000000, 0x00000000c8880000, 0x00000000eab00000)
  object space 139776K, 99% used [0x00000000c0000000,0x00000000c884d740,0x00000000c8880000)
 Metaspace       used 65665K, committed 66752K, reserved 1114112K
  class space    used 6979K, committed 7424K, reserved 1048576K
}
Event: 60.922 GC heap before
{Heap before GC invocations=643 (full 545):
 PSYoungGen      total 10240K, used 8190K [0x00000000eab00000, 0x00000000eb780000, 0x0000000100000000)
  eden space 8192K, 99% used [0x00000000eab00000,0x00000000eb2ff890,0x00000000eb300000)
  from space 2048K, 0% used [0x00000000eb300000,0x00000000eb300000,0x00000000eb500000)
  to   space 2048K, 0% used [0x00000000eb500000,0x00000000eb500000,0x00000000eb700000)
 ParOldGen       total 139776K, used 139573K [0x00000000c0000000, 0x00000000c8880000, 0x00000000eab00000)
  object space 139776K, 99% used [0x00000000c0000000,0x00000000c884d740,0x00000000c8880000)
 Metaspace       used 65665K, committed 66752K, reserved 1114112K
  class space    used 6979K, committed 7424K, reserved 1048576K
}
Event: 61.000 GC heap after
{Heap after GC invocations=643 (full 545):
 PSYoungGen      total 10240K, used 8185K [0x00000000eab00000, 0x00000000eb780000, 0x0000000100000000)
  eden space 8192K, 99% used [0x00000000eab00000,0x00000000eb2fe430,0x00000000eb300000)
  from space 2048K, 0% used [0x00000000eb500000,0x00000000eb500000,0x00000000eb700000)
  to   space 2048K, 0% used [0x00000000eb300000,0x00000000eb300000,0x00000000eb500000)
 ParOldGen       total 139776K, used 139573K [0x00000000c0000000, 0x00000000c8880000, 0x00000000eab00000)
  object space 139776K, 99% used [0x00000000c0000000,0x00000000c884d740,0x00000000c8880000)
 Metaspace       used 65665K, committed 66752K, reserved 1114112K
  class space    used 6979K, committed 7424K, reserved 1048576K
}
Event: 61.001 GC heap before
{Heap before GC invocations=644 (full 546):
 PSYoungGen      total 10240K, used 8192K [0x00000000eab00000, 0x00000000eb780000, 0x0000000100000000)
  eden space 8192K, 100% used [0x00000000eab00000,0x00000000eb300000,0x00000000eb300000)
  from space 2048K, 0% used [0x00000000eb500000,0x00000000eb500000,0x00000000eb700000)
  to   space 2048K, 0% used [0x00000000eb300000,0x00000000eb300000,0x00000000eb500000)
 ParOldGen       total 139776K, used 139587K [0x00000000c0000000, 0x00000000c8880000, 0x00000000eab00000)
  object space 139776K, 99% used [0x00000000c0000000,0x00000000c8850fb8,0x00000000c8880000)
 Metaspace       used 65665K, committed 66752K, reserved 1114112K
  class space    used 6979K, committed 7424K, reserved 1048576K
}
Event: 61.081 GC heap after
{Heap after GC invocations=644 (full 546):
 PSYoungGen      total 10240K, used 8186K [0x00000000eab00000, 0x00000000eb780000, 0x0000000100000000)
  eden space 8192K, 99% used [0x00000000eab00000,0x00000000eb2fe818,0x00000000eb300000)
  from space 2048K, 0% used [0x00000000eb300000,0x00000000eb300000,0x00000000eb500000)
  to   space 2048K, 0% used [0x00000000eb500000,0x00000000eb500000,0x00000000eb700000)
 ParOldGen       total 139776K, used 139587K [0x00000000c0000000, 0x00000000c8880000, 0x00000000eab00000)
  object space 139776K, 99% used [0x00000000c0000000,0x00000000c8850eb8,0x00000000c8880000)
 Metaspace       used 65665K, committed 66752K, reserved 1114112K
  class space    used 6979K, committed 7424K, reserved 1048576K
}
Event: 61.081 GC heap before
{Heap before GC invocations=645 (full 547):
 PSYoungGen      total 10240K, used 8191K [0x00000000eab00000, 0x00000000eb780000, 0x0000000100000000)
  eden space 8192K, 99% used [0x00000000eab00000,0x00000000eb2ffff0,0x00000000eb300000)
  from space 2048K, 0% used [0x00000000eb300000,0x00000000eb300000,0x00000000eb500000)
  to   space 2048K, 0% used [0x00000000eb500000,0x00000000eb500000,0x00000000eb700000)
 ParOldGen       total 139776K, used 139587K [0x00000000c0000000, 0x00000000c8880000, 0x00000000eab00000)
  object space 139776K, 99% used [0x00000000c0000000,0x00000000c8850eb8,0x00000000c8880000)
 Metaspace       used 65665K, committed 66752K, reserved 1114112K
  class space    used 6979K, committed 7424K, reserved 1048576K
}
Event: 61.161 GC heap after
{Heap after GC invocations=645 (full 547):
 PSYoungGen      total 10240K, used 8185K [0x00000000eab00000, 0x00000000eb780000, 0x0000000100000000)
  eden space 8192K, 99% used [0x00000000eab00000,0x00000000eb2fe7b8,0x00000000eb300000)
  from space 2048K, 0% used [0x00000000eb500000,0x00000000eb500000,0x00000000eb700000)
  to   space 2048K, 0% used [0x00000000eb300000,0x00000000eb300000,0x00000000eb500000)
 ParOldGen       total 139776K, used 139584K [0x00000000c0000000, 0x00000000c8880000, 0x00000000eab00000)
  object space 139776K, 99% used [0x00000000c0000000,0x00000000c88500f8,0x00000000c8880000)
 Metaspace       used 65665K, committed 66752K, reserved 1114112K
  class space    used 6979K, committed 7424K, reserved 1048576K
}
Event: 61.161 GC heap before
{Heap before GC invocations=646 (full 548):
 PSYoungGen      total 10240K, used 8191K [0x00000000eab00000, 0x00000000eb780000, 0x0000000100000000)
  eden space 8192K, 99% used [0x00000000eab00000,0x00000000eb2fffe0,0x00000000eb300000)
  from space 2048K, 0% used [0x00000000eb500000,0x00000000eb500000,0x00000000eb700000)
  to   space 2048K, 0% used [0x00000000eb300000,0x00000000eb300000,0x00000000eb500000)
 ParOldGen       total 139776K, used 139584K [0x00000000c0000000, 0x00000000c8880000, 0x00000000eab00000)
  object space 139776K, 99% used [0x00000000c0000000,0x00000000c88500f8,0x00000000c8880000)
 Metaspace       used 65665K, committed 66752K, reserved 1114112K
  class space    used 6979K, committed 7424K, reserved 1048576K
}
Event: 61.243 GC heap after
{Heap after GC invocations=646 (full 548):
 PSYoungGen      total 10240K, used 8186K [0x00000000eab00000, 0x00000000eb780000, 0x0000000100000000)
  eden space 8192K, 99% used [0x00000000eab00000,0x00000000eb2feb40,0x00000000eb300000)
  from space 2048K, 0% used [0x00000000eb300000,0x00000000eb300000,0x00000000eb500000)
  to   space 2048K, 0% used [0x00000000eb500000,0x00000000eb500000,0x00000000eb700000)
 ParOldGen       total 139776K, used 139584K [0x00000000c0000000, 0x00000000c8880000, 0x00000000eab00000)
  object space 139776K, 99% used [0x00000000c0000000,0x00000000c8850070,0x00000000c8880000)
 Metaspace       used 65665K, committed 66752K, reserved 1114112K
  class space    used 6979K, committed 7424K, reserved 1048576K
}
Event: 61.243 GC heap before
{Heap before GC invocations=647 (full 549):
 PSYoungGen      total 10240K, used 8192K [0x00000000eab00000, 0x00000000eb780000, 0x0000000100000000)
  eden space 8192K, 100% used [0x00000000eab00000,0x00000000eb300000,0x00000000eb300000)
  from space 2048K, 0% used [0x00000000eb300000,0x00000000eb300000,0x00000000eb500000)
  to   space 2048K, 0% used [0x00000000eb500000,0x00000000eb500000,0x00000000eb700000)
 ParOldGen       total 139776K, used 139584K [0x00000000c0000000, 0x00000000c8880000, 0x00000000eab00000)
  object space 139776K, 99% used [0x00000000c0000000,0x00000000c8850070,0x00000000c8880000)
 Metaspace       used 65665K, committed 66752K, reserved 1114112K
  class space    used 6979K, committed 7424K, reserved 1048576K
}
Event: 61.319 GC heap after
{Heap after GC invocations=647 (full 549):
 PSYoungGen      total 10240K, used 8187K [0x00000000eab00000, 0x00000000eb780000, 0x0000000100000000)
  eden space 8192K, 99% used [0x00000000eab00000,0x00000000eb2feec0,0x00000000eb300000)
  from space 2048K, 0% used [0x00000000eb500000,0x00000000eb500000,0x00000000eb700000)
  to   space 2048K, 0% used [0x00000000eb300000,0x00000000eb300000,0x00000000eb500000)
 ParOldGen       total 139776K, used 139584K [0x00000000c0000000, 0x00000000c8880000, 0x00000000eab00000)
  object space 139776K, 99% used [0x00000000c0000000,0x00000000c8850070,0x00000000c8880000)
 Metaspace       used 65665K, committed 66752K, reserved 1114112K
  class space    used 6979K, committed 7424K, reserved 1048576K
}
Event: 61.320 GC heap before
{Heap before GC invocations=648 (full 550):
 PSYoungGen      total 10240K, used 8191K [0x00000000eab00000, 0x00000000eb780000, 0x0000000100000000)
  eden space 8192K, 99% used [0x00000000eab00000,0x00000000eb2ffff8,0x00000000eb300000)
  from space 2048K, 0% used [0x00000000eb500000,0x00000000eb500000,0x00000000eb700000)
  to   space 2048K, 0% used [0x00000000eb300000,0x00000000eb300000,0x00000000eb500000)
 ParOldGen       total 139776K, used 139584K [0x00000000c0000000, 0x00000000c8880000, 0x00000000eab00000)
  object space 139776K, 99% used [0x00000000c0000000,0x00000000c8850070,0x00000000c8880000)
 Metaspace       used 65665K, committed 66752K, reserved 1114112K
  class space    used 6979K, committed 7424K, reserved 1048576K
}
Event: 61.395 GC heap after
{Heap after GC invocations=648 (full 550):
 PSYoungGen      total 10240K, used 8188K [0x00000000eab00000, 0x00000000eb780000, 0x0000000100000000)
  eden space 8192K, 99% used [0x00000000eab00000,0x00000000eb2ff1a0,0x00000000eb300000)
  from space 2048K, 0% used [0x00000000eb300000,0x00000000eb300000,0x00000000eb500000)
  to   space 2048K, 0% used [0x00000000eb500000,0x00000000eb500000,0x00000000eb700000)
 ParOldGen       total 139776K, used 139583K [0x00000000c0000000, 0x00000000c8880000, 0x00000000eab00000)
  object space 139776K, 99% used [0x00000000c0000000,0x00000000c884ffd8,0x00000000c8880000)
 Metaspace       used 65665K, committed 66752K, reserved 1114112K
  class space    used 6979K, committed 7424K, reserved 1048576K
}
Event: 61.396 GC heap before
{Heap before GC invocations=649 (full 551):
 PSYoungGen      total 10240K, used 8192K [0x00000000eab00000, 0x00000000eb780000, 0x0000000100000000)
  eden space 8192K, 100% used [0x00000000eab00000,0x00000000eb300000,0x00000000eb300000)
  from space 2048K, 0% used [0x00000000eb300000,0x00000000eb300000,0x00000000eb500000)
  to   space 2048K, 0% used [0x00000000eb500000,0x00000000eb500000,0x00000000eb700000)
 ParOldGen       total 139776K, used 139583K [0x00000000c0000000, 0x00000000c8880000, 0x00000000eab00000)
  object space 139776K, 99% used [0x00000000c0000000,0x00000000c884ffd8,0x00000000c8880000)
 Metaspace       used 65665K, committed 66752K, reserved 1114112K
  class space    used 6979K, committed 7424K, reserved 1048576K
}
Event: 61.473 GC heap after
{Heap after GC invocations=649 (full 551):
 PSYoungGen      total 10240K, used 8188K [0x00000000eab00000, 0x00000000eb780000, 0x0000000100000000)
  eden space 8192K, 99% used [0x00000000eab00000,0x00000000eb2ff280,0x00000000eb300000)
  from space 2048K, 0% used [0x00000000eb500000,0x00000000eb500000,0x00000000eb700000)
  to   space 2048K, 0% used [0x00000000eb300000,0x00000000eb300000,0x00000000eb500000)
 ParOldGen       total 139776K, used 139583K [0x00000000c0000000, 0x00000000c8880000, 0x00000000eab00000)
  object space 139776K, 99% used [0x00000000c0000000,0x00000000c884ffd8,0x00000000c8880000)
 Metaspace       used 65665K, committed 66752K, reserved 1114112K
  class space    used 6979K, committed 7424K, reserved 1048576K
}
Event: 61.473 GC heap before
{Heap before GC invocations=650 (full 552):
 PSYoungGen      total 10240K, used 8192K [0x00000000eab00000, 0x00000000eb780000, 0x0000000100000000)
  eden space 8192K, 100% used [0x00000000eab00000,0x00000000eb300000,0x00000000eb300000)
  from space 2048K, 0% used [0x00000000eb500000,0x00000000eb500000,0x00000000eb700000)
  to   space 2048K, 0% used [0x00000000eb300000,0x00000000eb300000,0x00000000eb500000)
 ParOldGen       total 139776K, used 139583K [0x00000000c0000000, 0x00000000c8880000, 0x00000000eab00000)
  object space 139776K, 99% used [0x00000000c0000000,0x00000000c884ffd8,0x00000000c8880000)
 Metaspace       used 65665K, committed 66752K, reserved 1114112K
  class space    used 6979K, committed 7424K, reserved 1048576K
}
Event: 61.551 GC heap after
{Heap after GC invocations=650 (full 552):
 PSYoungGen      total 10240K, used 8189K [0x00000000eab00000, 0x00000000eb780000, 0x0000000100000000)
  eden space 8192K, 99% used [0x00000000eab00000,0x00000000eb2ff640,0x00000000eb300000)
  from space 2048K, 0% used [0x00000000eb300000,0x00000000eb300000,0x00000000eb500000)
  to   space 2048K, 0% used [0x00000000eb500000,0x00000000eb500000,0x00000000eb700000)
 ParOldGen       total 139776K, used 139583K [0x00000000c0000000, 0x00000000c8880000, 0x00000000eab00000)
  object space 139776K, 99% used [0x00000000c0000000,0x00000000c884ffd8,0x00000000c8880000)
 Metaspace       used 65665K, committed 66752K, reserved 1114112K
  class space    used 6979K, committed 7424K, reserved 1048576K
}
Event: 61.551 GC heap before
{Heap before GC invocations=651 (full 553):
 PSYoungGen      total 10240K, used 8192K [0x00000000eab00000, 0x00000000eb780000, 0x0000000100000000)
  eden space 8192K, 100% used [0x00000000eab00000,0x00000000eb300000,0x00000000eb300000)
  from space 2048K, 0% used [0x00000000eb300000,0x00000000eb300000,0x00000000eb500000)
  to   space 2048K, 0% used [0x00000000eb500000,0x00000000eb500000,0x00000000eb700000)
 ParOldGen       total 139776K, used 139583K [0x00000000c0000000, 0x00000000c8880000, 0x00000000eab00000)
  object space 139776K, 99% used [0x00000000c0000000,0x00000000c884ffd8,0x00000000c8880000)
 Metaspace       used 65665K, committed 66752K, reserved 1114112K
  class space    used 6979K, committed 7424K, reserved 1048576K
}

